2025-03-04 10:20:45,296 - INFO - NetAssist started.
2025-03-04 10:20:47,889 - INFO - Command executed: help
2025-03-04 10:20:49,194 - INFO - Command executed: cls
2025-03-04 10:20:50,222 - INFO - Command executed: log
2025-03-04 10:20:51,341 - INFO - Command executed: cls
2025-03-04 10:20:52,659 - INFO - Command executed: mot
2025-03-04 10:20:53,559 - INFO - Command executed: motd
2025-03-04 10:20:53,569 - DEBUG - Starting new HTTPS connection (1): zenquotes.io:443
2025-03-04 10:20:54,107 - DEBUG - https://zenquotes.io:443 "GET /api/random HTTP/1.1" 200 None
2025-03-04 14:55:29,735 - INFO - Command executed: sslcert pacs.pmioc.com
2025-03-04 15:02:24,008 - INFO - Command executed: sslcert
2025-03-05 08:25:40,166 - INFO - Command executed: ipgeo 76.89.200.4
2025-03-05 08:25:40,369 - DEBUG - Starting new HTTP connection (1): ip-api.com:80
2025-03-05 08:25:40,474 - DEBUG - http://ip-api.com:80 "GET /json/76.89.200.4 HTTP/1.1" 200 313
2025-03-05 08:49:35,954 - INFO - NetAssist started.
2025-03-05 08:49:35,972 - DEBUG - Using selector: EpollSelector
2025-03-05 08:49:39,556 - INFO - Command executed: exit
2025-03-05 08:50:06,430 - INFO - Command executed: ipv4
2025-03-05 08:50:06,441 - DEBUG - Using selector: EpollSelector
2025-03-05 10:27:57,249 - INFO - Command executed: cls
2025-03-05 10:27:57,298 - DEBUG - Using selector: EpollSelector
2025-03-05 10:28:05,287 - DEBUG - Using selector: EpollSelector
2025-03-05 10:28:05,407 - DEBUG - Using selector: EpollSelector
2025-03-05 10:28:05,526 - DEBUG - Using selector: EpollSelector
2025-03-05 10:28:07,477 - INFO - Command executed: help
2025-03-05 10:28:07,487 - DEBUG - Using selector: EpollSelector
2025-03-05 10:29:51,807 - INFO - NetAssist started.
2025-03-05 10:29:51,816 - DEBUG - Using selector: EpollSelector
2025-03-05 10:30:04,669 - INFO - Command executed: help
2025-03-05 10:30:04,679 - DEBUG - Using selector: EpollSelector
2025-03-05 10:30:08,854 - INFO - Command executed: exit
2025-03-05 11:19:11,525 - INFO - Command executed: cls
2025-03-05 11:19:11,564 - DEBUG - Using selector: EpollSelector
2025-03-05 11:20:22,995 - INFO - Command executed: sslcert inspectiondispatch.com
2025-03-05 11:20:23,255 - DEBUG - Using selector: EpollSelector
2025-03-05 13:52:41,583 - INFO - Command executed: exit
2025-03-06 09:14:19,481 - INFO - NetAssist started.
2025-03-06 09:14:19,499 - DEBUG - Using selector: EpollSelector
2025-03-06 09:16:25,980 - INFO - Command executed: cls
2025-03-06 09:16:25,996 - DEBUG - Using selector: EpollSelector
2025-03-06 09:16:27,714 - INFO - Command executed: exit
2025-03-06 09:17:06,333 - INFO - NetAssist started.
2025-03-06 09:17:06,344 - DEBUG - Using selector: EpollSelector
2025-03-06 09:17:30,732 - INFO - Command executed: hlep
2025-03-06 09:17:30,739 - DEBUG - Using selector: EpollSelector
2025-03-06 09:17:31,756 - INFO - Command executed: help
2025-03-06 09:17:31,765 - DEBUG - Using selector: EpollSelector
2025-03-06 09:17:36,727 - DEBUG - Using selector: EpollSelector
2025-03-06 09:17:36,893 - DEBUG - Using selector: EpollSelector
2025-03-06 09:17:52,879 - INFO - Command executed: exit
2025-03-06 09:18:41,334 - INFO - NetAssist started.
2025-03-06 09:18:41,336 - DEBUG - Using selector: EpollSelector
2025-03-06 09:18:49,962 - DEBUG - Using selector: EpollSelector
2025-03-06 09:18:50,168 - DEBUG - Using selector: EpollSelector
2025-03-06 09:18:51,868 - DEBUG - Using selector: EpollSelector
2025-03-06 09:18:52,075 - DEBUG - Using selector: EpollSelector
2025-03-06 09:19:27,957 - INFO - Command executed: speedtest
2025-03-06 09:19:40,296 - DEBUG - Using selector: EpollSelector
2025-03-06 09:19:41,967 - DEBUG - Using selector: EpollSelector
2025-03-06 09:19:47,925 - DEBUG - Using selector: EpollSelector
2025-03-06 09:19:48,085 - DEBUG - Using selector: EpollSelector
2025-03-06 09:19:48,290 - DEBUG - Using selector: EpollSelector
2025-03-06 09:20:06,809 - INFO - Command executed: help
2025-03-06 09:20:06,810 - DEBUG - Using selector: EpollSelector
2025-03-06 09:21:30,161 - INFO - Command executed: motd
2025-03-06 09:21:30,171 - DEBUG - Starting new HTTPS connection (1): zenquotes.io:443
2025-03-06 09:21:30,479 - DEBUG - https://zenquotes.io:443 "GET /api/random HTTP/1.1" 200 None
2025-03-06 09:21:30,480 - DEBUG - Using selector: EpollSelector
2025-03-06 09:21:39,899 - INFO - Command executed: cls
2025-03-06 09:21:39,907 - DEBUG - Using selector: EpollSelector
2025-03-06 09:21:41,591 - INFO - Command executed: motd
2025-03-06 09:21:41,592 - DEBUG - Starting new HTTPS connection (1): zenquotes.io:443
2025-03-06 09:21:41,837 - DEBUG - https://zenquotes.io:443 "GET /api/random HTTP/1.1" 200 None
2025-03-06 09:21:41,839 - DEBUG - Using selector: EpollSelector
2025-03-06 09:21:47,477 - INFO - Command executed: cls
2025-03-06 09:21:47,481 - DEBUG - Using selector: EpollSelector
2025-03-06 09:21:47,205 - INFO - Command executed: clear
2025-03-06 09:21:47,209 - DEBUG - Using selector: EpollSelector
2025-03-06 09:21:49,996 - INFO - Command executed: clear
2025-03-06 09:21:49,999 - DEBUG - Using selector: EpollSelector
2025-03-06 09:21:53,916 - DEBUG - Using selector: EpollSelector
2025-03-06 09:21:54,078 - DEBUG - Using selector: EpollSelector
2025-03-06 09:21:54,241 - DEBUG - Using selector: EpollSelector
2025-03-06 09:21:54,377 - DEBUG - Using selector: EpollSelector
2025-03-06 09:21:54,530 - DEBUG - Using selector: EpollSelector
2025-03-06 09:21:54,681 - DEBUG - Using selector: EpollSelector
2025-03-06 09:21:55,276 - INFO - Command executed: clear
2025-03-06 09:21:55,280 - DEBUG - Using selector: EpollSelector
2025-03-06 09:21:56,546 - INFO - Command executed: cls
2025-03-06 09:21:56,551 - DEBUG - Using selector: EpollSelector
2025-03-06 09:22:14,695 - INFO - Command executed: cls
2025-03-06 09:22:14,700 - DEBUG - Using selector: EpollSelector
2025-03-06 09:22:15,992 - INFO - Command executed: clear
2025-03-06 09:22:15,997 - DEBUG - Using selector: EpollSelector
2025-03-06 09:22:51,970 - INFO - Command executed: ipv4
2025-03-06 09:22:51,972 - DEBUG - Using selector: EpollSelector
2025-03-06 09:22:55,097 - INFO - Command executed: ipv4
2025-03-06 09:22:55,097 - DEBUG - Using selector: EpollSelector
2025-03-06 09:22:56,582 - INFO - Command executed: ipv4
2025-03-06 09:22:56,582 - DEBUG - Using selector: EpollSelector
2025-03-06 09:28:34,235 - INFO - Command executed: exit
2025-03-06 10:11:22,337 - INFO - NetAssist started.
2025-03-06 10:11:22,355 - DEBUG - Using selector: EpollSelector
2025-03-06 12:32:13,150 - INFO - Command executed: calc 93* 16
2025-03-06 12:32:13,275 - DEBUG - Using selector: EpollSelector
2025-03-06 12:32:18,813 - INFO - Command executed: calc93*16
2025-03-06 12:32:19,052 - DEBUG - Using selector: EpollSelector
2025-03-07 09:21:58,021 - DEBUG - Using selector: EpollSelector
2025-03-07 09:21:58,086 - DEBUG - Using selector: EpollSelector
2025-03-07 09:21:58,107 - DEBUG - Using selector: EpollSelector
2025-03-07 09:22:58,112 - DEBUG - Using selector: EpollSelector
2025-03-07 09:22:58,273 - DEBUG - Using selector: EpollSelector
2025-03-07 09:23:00,620 - INFO - Command executed: speedtest
2025-03-07 09:23:48,089 - DEBUG - Using selector: EpollSelector
2025-03-07 09:24:08,976 - DEBUG - Using selector: EpollSelector
2025-03-07 10:04:25,150 - INFO - Command executed: speedtest
2025-03-07 10:05:11,960 - DEBUG - Using selector: EpollSelector
2025-03-07 13:16:34,092 - INFO - NetAssist started.
2025-03-07 13:16:34,109 - DEBUG - Using selector: EpollSelector
2025-03-07 13:16:36,069 - INFO - Command executed: motd
2025-03-07 13:16:36,073 - DEBUG - Starting new HTTPS connection (1): zenquotes.io:443
2025-03-07 13:16:36,618 - DEBUG - https://zenquotes.io:443 "GET /api/random HTTP/1.1" 200 None
2025-03-07 13:16:36,636 - DEBUG - Using selector: EpollSelector
2025-03-07 13:16:37,440 - INFO - Command executed: help
2025-03-07 13:16:37,450 - DEBUG - Using selector: EpollSelector
2025-03-07 13:17:01,519 - DEBUG - Using selector: EpollSelector
2025-03-07 13:17:01,638 - DEBUG - Using selector: EpollSelector
2025-03-07 13:17:02,855 - INFO - Command executed: exit
2025-03-07 13:18:03,020 - INFO - NetAssist started.
2025-03-07 13:18:03,040 - DEBUG - Using selector: EpollSelector
2025-03-07 13:18:10,586 - INFO - Command executed: exit
2025-03-07 13:18:22,322 - INFO - NetAssist started.
2025-03-07 13:18:22,323 - DEBUG - Using selector: EpollSelector
2025-03-07 13:21:49,675 - INFO - Command executed: exit
2025-03-07 13:24:32,715 - INFO - NetAssist started.
2025-03-07 13:24:32,725 - DEBUG - Using selector: EpollSelector
2025-03-07 13:24:44,279 - INFO - Command executed: exit
2025-03-07 15:04:43,119 - INFO - NetAssist started.
2025-03-07 15:04:43,122 - DEBUG - Using selector: EpollSelector
2025-03-07 15:04:51,755 - DEBUG - Using selector: EpollSelector
2025-03-07 15:04:51,893 - DEBUG - Using selector: EpollSelector
2025-03-07 15:04:53,795 - INFO - Command executed: help
2025-03-07 15:04:53,796 - DEBUG - Using selector: EpollSelector
2025-03-07 15:04:55,362 - INFO - Command executed: cls
2025-03-07 15:04:55,377 - DEBUG - Using selector: EpollSelector
2025-03-07 15:04:56,248 - INFO - Command executed: clear
2025-03-07 15:04:56,256 - DEBUG - Using selector: EpollSelector
2025-03-07 15:04:56,552 - DEBUG - Using selector: EpollSelector
2025-03-07 15:04:56,685 - DEBUG - Using selector: EpollSelector
2025-03-07 15:04:57,586 - INFO - Command executed: ipv4
2025-03-07 15:04:57,590 - DEBUG - Using selector: EpollSelector
2025-03-07 15:05:23,097 - INFO - Command executed: exit
2025-03-07 15:18:54,110 - INFO - NetAssist started.
2025-03-07 15:18:54,113 - DEBUG - Using selector: EpollSelector
2025-03-07 15:18:57,829 - INFO - Command executed: ls
2025-03-07 15:18:57,832 - DEBUG - Using selector: EpollSelector
2025-03-07 15:19:00,695 - DEBUG - Using selector: EpollSelector
2025-03-07 15:19:00,832 - DEBUG - Using selector: EpollSelector
2025-03-07 15:19:03,101 - INFO - Command executed: voice
2025-03-07 15:19:10,721 - INFO - NetAssist started.
2025-03-07 15:19:10,723 - DEBUG - Using selector: EpollSelector
2025-03-07 15:19:11,412 - INFO - Command executed: ls
2025-03-07 15:19:11,413 - DEBUG - Using selector: EpollSelector
2025-03-07 15:19:15,646 - INFO - Command executed: ipgeo
2025-03-07 15:19:15,646 - DEBUG - Using selector: EpollSelector
2025-03-07 15:19:17,988 - DEBUG - Starting new HTTP connection (1): ip-api.com:80
2025-03-07 15:19:18,043 - DEBUG - http://ip-api.com:80 "GET /json/8.8.8.8 HTTP/1.1" 200 277
2025-03-07 15:19:18,044 - DEBUG - Using selector: EpollSelector
2025-03-08 13:01:12,769 - INFO - NetAssist started.
2025-03-08 13:01:12,784 - DEBUG - Using selector: EpollSelector
2025-03-08 13:01:14,520 - INFO - Command executed: battery
2025-03-08 13:01:14,533 - DEBUG - Using selector: EpollSelector
2025-03-08 13:01:21,333 - INFO - Command executed: battery
2025-03-08 13:01:21,343 - DEBUG - Using selector: EpollSelector
2025-03-08 13:01:23,736 - INFO - Command executed: battery
2025-03-08 13:01:23,744 - DEBUG - Using selector: EpollSelector
2025-03-08 13:01:25,937 - INFO - Command executed: battery
2025-03-08 13:01:25,946 - DEBUG - Using selector: EpollSelector
2025-03-08 13:01:29,936 - INFO - Command executed: battery
2025-03-08 13:01:29,945 - DEBUG - Using selector: EpollSelector
2025-03-08 13:01:32,246 - INFO - Command executed: battery
2025-03-08 13:01:32,255 - DEBUG - Using selector: EpollSelector
2025-03-08 13:01:49,843 - INFO - Command executed: battery
2025-03-08 13:01:49,855 - DEBUG - Using selector: EpollSelector
2025-03-08 13:01:52,801 - INFO - Command executed: exit
2025-03-10 13:05:28,359 - INFO - NetAssist started.
2025-03-10 13:05:28,380 - DEBUG - Using selector: EpollSelector
2025-03-10 13:05:29,180 - DEBUG - Using selector: EpollSelector
2025-03-10 13:05:32,264 - INFO - Command executed: exit
2025-03-10 13:05:36,050 - INFO - NetAssist started.
2025-03-10 13:05:36,077 - DEBUG - Using selector: EpollSelector
2025-03-10 13:05:43,116 - INFO - Command executed: public
2025-03-10 13:05:43,125 - DEBUG - Using selector: EpollSelector
2025-03-10 13:05:48,461 - INFO - Command executed: help
2025-03-10 13:05:48,472 - DEBUG - Using selector: EpollSelector
2025-03-10 13:05:58,824 - DEBUG - Using selector: EpollSelector
2025-03-10 13:05:58,978 - DEBUG - Using selector: EpollSelector
2025-03-10 13:06:01,954 - INFO - Command executed: publicip
2025-03-10 13:06:01,964 - DEBUG - Starting new HTTPS connection (1): api.ipify.org:443
2025-03-10 13:06:02,375 - DEBUG - https://api.ipify.org:443 "GET /?format=json HTTP/1.1" 200 23
2025-03-10 13:06:02,390 - DEBUG - Using selector: EpollSelector
2025-03-11 09:14:46,553 - INFO - Command executed: ipgeo 68.8.123.252
2025-03-11 09:14:46,579 - DEBUG - Starting new HTTP connection (1): ip-api.com:80
2025-03-11 09:14:46,662 - DEBUG - http://ip-api.com:80 "GET /json/68.8.123.252 HTTP/1.1" 200 323
2025-03-11 09:14:46,705 - DEBUG - Using selector: EpollSelector
2025-03-11 12:41:30,496 - INFO - Command executed: calc 46.9+44.5
2025-03-11 12:41:30,574 - DEBUG - Using selector: EpollSelector
2025-03-11 12:41:48,278 - INFO - Command executed: calc 45+45
2025-03-11 12:41:48,289 - DEBUG - Using selector: EpollSelector
2025-03-12 08:38:01,070 - INFO - NetAssist started.
2025-03-12 08:38:01,087 - DEBUG - Using selector: EpollSelector
2025-03-12 08:38:02,438 - INFO - Command executed: exit
2025-03-12 08:38:16,145 - INFO - Command executed: exit
2025-03-14 11:09:49,106 - INFO - NetAssist started.
2025-03-14 11:09:49,107 - DEBUG - Using selector: EpollSelector
2025-03-14 11:09:49,573 - DEBUG - Using selector: EpollSelector
2025-03-14 11:09:49,692 - DEBUG - Using selector: EpollSelector
2025-03-14 11:09:51,486 - DEBUG - Using selector: EpollSelector
2025-03-14 11:09:51,620 - DEBUG - Using selector: EpollSelector
2025-03-17 08:45:43,353 - INFO - NetAssist started.
2025-03-17 08:45:43,365 - DEBUG - Using selector: EpollSelector
2025-03-17 08:45:45,568 - INFO - Command executed: exit
2025-03-17 08:46:13,519 - INFO - NetAssist started.
2025-03-17 08:46:13,520 - DEBUG - Using selector: EpollSelector
2025-03-17 08:46:16,694 - DEBUG - Using selector: EpollSelector
2025-03-17 08:46:16,847 - DEBUG - Using selector: EpollSelector
2025-03-17 08:46:20,082 - INFO - Command executed: cls
2025-03-17 08:46:20,087 - DEBUG - Using selector: EpollSelector
2025-03-17 09:06:38,557 - INFO - Command executed: battery
2025-03-17 09:06:38,560 - DEBUG - Using selector: EpollSelector
2025-03-17 09:06:55,532 - INFO - Command executed: dns
2025-03-17 09:06:55,532 - DEBUG - Using selector: EpollSelector
2025-03-17 09:07:00,337 - INFO - Command executed: dns ndtesting.local
2025-03-17 09:07:00,472 - DEBUG - Using selector: EpollSelector
2025-03-17 10:01:19,961 - INFO - Command executed: exit
2025-03-17 10:01:33,431 - INFO - NetAssist started.
2025-03-17 10:01:33,433 - DEBUG - Using selector: EpollSelector
2025-03-17 10:01:40,481 - DEBUG - Using selector: EpollSelector
2025-03-17 10:01:43,470 - INFO - Command executed: battery
2025-03-17 10:01:43,482 - DEBUG - Using selector: EpollSelector
2025-03-17 10:01:46,807 - INFO - Command executed: battery
2025-03-17 10:01:46,809 - DEBUG - Using selector: EpollSelector
2025-03-17 10:01:57,665 - INFO - Command executed: geoip 8.8.8.8
2025-03-17 10:01:57,666 - DEBUG - Using selector: EpollSelector
2025-03-17 10:02:01,819 - INFO - Command executed: ipgeo 8.8.8.8
2025-03-17 10:02:01,827 - DEBUG - Starting new HTTP connection (1): ip-api.com:80
2025-03-17 10:02:01,921 - DEBUG - http://ip-api.com:80 "GET /json/8.8.8.8 HTTP/1.1" 200 277
2025-03-17 10:02:01,923 - DEBUG - Using selector: EpollSelector
2025-03-17 10:02:08,458 - INFO - Command executed: clock
2025-03-17 10:02:08,591 - DEBUG - Using selector: EpollSelector
2025-03-17 10:03:24,898 - INFO - Command executed: scan
2025-03-17 10:03:24,898 - DEBUG - Using selector: EpollSelector
2025-03-17 15:55:44,368 - INFO - Command executed: J967o4J967o4## - JonathanO
Eric1313! - ERIcM
Madison2316 - pat


L295b3@# - lori
2025-03-17 15:55:44,387 - DEBUG - Using selector: EpollSelector
2025-03-17 15:55:44,875 - DEBUG - Using selector: EpollSelector
2025-03-17 15:57:12,789 - INFO - Command executed: ipgeo 68.116.244.168
2025-03-17 15:57:12,868 - DEBUG - Starting new HTTP connection (1): ip-api.com:80
2025-03-17 15:57:12,985 - DEBUG - http://ip-api.com:80 "GET /json/68.116.244.168 HTTP/1.1" 200 315
2025-03-17 15:57:12,992 - DEBUG - Using selector: EpollSelector
2025-03-17 16:05:17,745 - INFO - Command executed: ls
2025-03-17 16:05:17,757 - DEBUG - Using selector: EpollSelector
2025-03-17 16:05:28,130 - DEBUG - Using selector: EpollSelector
2025-03-17 16:05:32,163 - INFO - Command executed: speedtest
2025-03-17 16:05:54,984 - DEBUG - Using selector: EpollSelector
2025-03-19 15:13:30,499 - INFO - NetAssist started.
2025-03-19 15:13:30,501 - DEBUG - Using selector: EpollSelector
2025-03-19 15:13:33,142 - DEBUG - Using selector: EpollSelector
2025-03-19 15:13:33,751 - DEBUG - Using selector: EpollSelector
2025-03-19 15:14:24,934 - INFO - Command executed: battery
2025-03-19 15:14:24,935 - DEBUG - Using selector: EpollSelector
2025-03-20 09:25:01,747 - INFO - Command executed: ls
2025-03-20 09:25:01,761 - DEBUG - Using selector: EpollSelector
2025-03-21 13:19:44,811 - INFO - Command executed: speedtest
2025-03-21 13:20:05,037 - DEBUG - Using selector: EpollSelector
2025-03-21 13:20:37,490 - DEBUG - Using selector: EpollSelector
2025-03-21 13:21:03,152 - INFO - Command executed: [
2025-03-21 13:21:03,152 - DEBUG - Using selector: EpollSelector
2025-03-21 13:21:04,456 - INFO - Command executed: ls
2025-03-21 13:21:04,458 - DEBUG - Using selector: EpollSelector
2025-03-21 13:21:06,732 - INFO - Command executed: defaultgw
2025-03-21 13:21:06,788 - DEBUG - Using selector: EpollSelector
2025-03-21 13:21:15,663 - INFO - Command executed: publicip
2025-03-21 13:21:15,683 - DEBUG - Starting new HTTPS connection (1): api.ipify.org:443
2025-03-21 13:21:15,932 - DEBUG - https://api.ipify.org:443 "GET /?format=json HTTP/1.1" 200 21
2025-03-21 13:21:15,934 - DEBUG - Using selector: EpollSelector
2025-03-21 13:21:24,321 - INFO - Command executed: traceroute 8.8.8.8
2025-03-21 13:21:24,423 - DEBUG - Using selector: EpollSelector
2025-03-23 12:08:01,693 - INFO - NetAssist started.
2025-03-23 12:08:01,726 - DEBUG - Using selector: EpollSelector
2025-03-25 13:30:14,394 - INFO - NetAssist started.
2025-03-25 13:30:14,408 - DEBUG - Using selector: EpollSelector
2025-03-25 13:30:21,235 - INFO - Command executed: ipgeo 68.8.123.252
2025-03-25 13:30:21,238 - DEBUG - Starting new HTTP connection (1): ip-api.com:80
2025-03-25 13:30:21,276 - DEBUG - http://ip-api.com:80 "GET /json/68.8.123.252 HTTP/1.1" 200 323
2025-03-25 13:30:21,300 - DEBUG - Using selector: EpollSelector
2025-03-25 14:03:04,157 - INFO - Command executed: exit
2025-03-25 14:05:19,769 - INFO - NetAssist started.
2025-03-25 14:05:19,780 - DEBUG - Using selector: EpollSelector
2025-03-25 14:05:21,928 - INFO - Command executed: ls
2025-03-25 14:05:21,938 - DEBUG - Using selector: EpollSelector
2025-03-25 14:05:26,683 - INFO - Command executed: exit
2025-03-25 14:05:40,872 - INFO - NetAssist started.
2025-03-25 14:05:40,874 - DEBUG - Using selector: EpollSelector
2025-03-25 14:05:43,354 - INFO - Command executed: s
2025-03-25 14:05:43,355 - DEBUG - Using selector: EpollSelector
2025-03-25 14:05:44,131 - INFO - Command executed: ls
2025-03-25 14:05:44,132 - DEBUG - Using selector: EpollSelector
2025-03-25 15:31:30,739 - INFO - Command executed: ipgeo 158.115.138.7
2025-03-25 15:31:30,853 - DEBUG - Starting new HTTP connection (1): ip-api.com:80
2025-03-25 15:31:30,927 - DEBUG - http://ip-api.com:80 "GET /json/158.115.138.7 HTTP/1.1" 200 280
2025-03-25 15:31:30,953 - DEBUG - Using selector: EpollSelector
2025-03-25 15:45:22,435 - INFO - Command executed: ipgeo 64.62.142.12
2025-03-25 15:45:22,494 - DEBUG - Starting new HTTP connection (1): ip-api.com:80
2025-03-25 15:45:22,580 - DEBUG - http://ip-api.com:80 "GET /json/64.62.142.12 HTTP/1.1" 200 312
2025-03-25 15:45:22,588 - DEBUG - Using selector: EpollSelector
2025-03-26 08:17:33,724 - INFO - NetAssist started.
2025-03-26 08:17:33,726 - DEBUG - Using selector: EpollSelector
2025-03-26 11:02:26,234 - INFO - Command executed: ls
2025-03-26 11:02:26,246 - DEBUG - Using selector: EpollSelector
2025-03-26 12:53:40,618 - INFO - Command executed: ipgeo 169.67.159.44
2025-03-26 12:53:40,695 - DEBUG - Starting new HTTP connection (1): ip-api.com:80
2025-03-26 12:53:40,764 - DEBUG - http://ip-api.com:80 "GET /json/169.67.159.44 HTTP/1.1" 200 294
2025-03-26 12:53:40,770 - DEBUG - Using selector: EpollSelector
2025-03-28 14:56:31,755 - INFO - NetAssist started.
2025-03-28 14:56:31,756 - DEBUG - Using selector: EpollSelector
2025-03-28 14:56:43,839 - INFO - Command executed: ipgeo 74.208.123.179
2025-03-28 14:56:43,842 - DEBUG - Starting new HTTP connection (1): ip-api.com:80
2025-03-28 14:56:43,877 - DEBUG - http://ip-api.com:80 "GET /json/74.208.123.179 HTTP/1.1" 200 275
2025-03-28 14:56:43,878 - DEBUG - Using selector: EpollSelector
2025-03-28 14:56:51,736 - INFO - Command executed: ping mail.socsoter.com
2025-03-28 14:57:01,750 - DEBUG - Using selector: EpollSelector
2025-03-28 14:59:57,450 - INFO - Command executed: ipgeo 18.209.42.47
2025-03-28 14:59:57,453 - DEBUG - Starting new HTTP connection (1): ip-api.com:80
2025-03-28 14:59:57,489 - DEBUG - http://ip-api.com:80 "GET /json/18.209.42.47 HTTP/1.1" 200 301
2025-03-28 14:59:57,491 - DEBUG - Using selector: EpollSelector
2025-03-28 15:11:34,046 - INFO - Command executed: ls
2025-03-28 15:11:34,053 - DEBUG - Using selector: EpollSelector
2025-03-28 15:11:34,247 - DEBUG - Using selector: EpollSelector
2025-03-28 15:11:34,388 - DEBUG - Using selector: EpollSelector
2025-03-28 15:11:34,922 - INFO - Command executed: cls
2025-03-28 15:11:34,951 - DEBUG - Using selector: EpollSelector
2025-03-28 16:44:23,222 - INFO - Command executed: ls
2025-03-28 16:44:23,232 - DEBUG - Using selector: EpollSelector
2025-03-28 16:44:32,166 - INFO - Command executed: notes
2025-03-28 16:44:32,174 - DEBUG - Using selector: EpollSelector
2025-03-28 16:44:44,808 - INFO - Command executed: motd
2025-03-28 16:44:44,814 - DEBUG - Starting new HTTPS connection (1): zenquotes.io:443
2025-03-28 16:44:45,440 - DEBUG - https://zenquotes.io:443 "GET /api/random HTTP/1.1" 200 None
2025-03-28 16:44:45,441 - DEBUG - Using selector: EpollSelector
2025-03-31 09:04:54,210 - INFO - NetAssist started.
2025-03-31 09:04:54,212 - DEBUG - Using selector: EpollSelector
2025-04-01 12:54:46,628 - INFO - Command executed: speedtest
2025-04-01 12:55:13,469 - DEBUG - Using selector: EpollSelector
2025-04-01 12:56:44,617 - DEBUG - Using selector: EpollSelector
2025-04-01 13:57:09,188 - INFO - Command executed: ls
2025-04-01 13:57:09,198 - DEBUG - Using selector: EpollSelector
2025-04-01 13:57:20,264 - INFO - Command executed: color green
2025-04-01 13:57:20,266 - DEBUG - Using selector: EpollSelector
2025-04-01 13:57:24,831 - DEBUG - Using selector: EpollSelector
2025-04-01 13:57:28,339 - DEBUG - Using selector: EpollSelector
2025-04-01 13:57:27,500 - DEBUG - Using selector: EpollSelector
2025-04-01 13:57:30,336 - INFO - Command executed: cls
2025-04-01 13:57:30,380 - DEBUG - Using selector: EpollSelector
2025-04-01 13:57:31,902 - INFO - Command executed: ls
2025-04-01 13:57:31,902 - DEBUG - Using selector: EpollSelector
2025-04-01 13:57:45,500 - INFO - Command executed: sslcert inspectiondispatch.com
2025-04-01 13:57:45,882 - DEBUG - Using selector: EpollSelector
2025-04-02 10:14:17,933 - INFO - NetAssist started.
2025-04-02 10:14:17,934 - DEBUG - Using selector: EpollSelector
2025-04-02 10:14:25,466 - INFO - Command executed: sslcert miamivpn.tmhighland.com
2025-04-02 10:14:25,691 - DEBUG - Using selector: EpollSelector
2025-04-03 10:09:54,219 - INFO - NetAssist started.
2025-04-03 10:09:54,221 - DEBUG - Using selector: EpollSelector
2025-04-03 10:10:00,894 - INFO - Command executed: ipgeo 1.1.1.1
2025-04-03 10:10:00,897 - DEBUG - Starting new HTTP connection (1): ip-api.com:80
2025-04-03 10:10:00,916 - DEBUG - http://ip-api.com:80 "GET /json/1.1.1.1 HTTP/1.1" 200 325
2025-04-03 10:10:00,917 - DEBUG - Using selector: EpollSelector
2025-04-03 10:10:21,028 - INFO - Command executed: ipgeo 8.8.8.8
2025-04-03 10:10:21,030 - DEBUG - Starting new HTTP connection (1): ip-api.com:80
2025-04-03 10:10:21,045 - DEBUG - http://ip-api.com:80 "GET /json/8.8.8.8 HTTP/1.1" 200 277
2025-04-03 10:10:21,046 - DEBUG - Using selector: EpollSelector
2025-04-03 10:11:27,619 - INFO - Command executed: ip geo 184.19.246.106
2025-04-03 10:11:27,620 - DEBUG - Using selector: EpollSelector
2025-04-03 10:11:32,711 - INFO - Command executed: ipgeo 92.168.250.250
2025-04-03 10:11:32,712 - DEBUG - Starting new HTTP connection (1): ip-api.com:80
2025-04-03 10:11:32,730 - DEBUG - http://ip-api.com:80 "GET /json/92.168.250.250 HTTP/1.1" 200 285
2025-04-03 10:11:32,731 - DEBUG - Using selector: EpollSelector
2025-04-03 10:11:55,055 - INFO - Command executed: 184.19.246.106
2025-04-03 10:11:55,056 - DEBUG - Using selector: EpollSelector
2025-04-03 10:13:38,448 - INFO - Command executed: ipgeo 184.19.246.106
2025-04-03 10:13:38,450 - DEBUG - Starting new HTTP connection (1): ip-api.com:80
2025-04-03 10:13:38,474 - DEBUG - http://ip-api.com:80 "GET /json/184.19.246.106 HTTP/1.1" 200 370
2025-04-03 10:13:38,475 - DEBUG - Using selector: EpollSelector
2025-04-03 10:14:06,869 - INFO - Command executed: ipgeo  45.52.201.248
2025-04-03 10:14:06,870 - DEBUG - Starting new HTTP connection (1): ip-api.com:80
2025-04-03 10:14:06,886 - DEBUG - http://ip-api.com:80 "GET /json/45.52.201.248 HTTP/1.1" 200 365
2025-04-03 10:14:06,887 - DEBUG - Using selector: EpollSelector
2025-04-03 10:14:20,598 - INFO - Command executed: ipgeo 74.40.10.137
2025-04-03 10:14:20,598 - DEBUG - Starting new HTTP connection (1): ip-api.com:80
2025-04-03 10:14:20,615 - DEBUG - http://ip-api.com:80 "GET /json/74.40.10.137 HTTP/1.1" 200 353
2025-04-03 10:14:20,616 - DEBUG - Using selector: EpollSelector
2025-04-03 10:15:00,746 - INFO - Command executed: ipgeo 74.40.10.137
2025-04-03 10:15:00,747 - DEBUG - Starting new HTTP connection (1): ip-api.com:80
2025-04-03 10:15:00,795 - DEBUG - http://ip-api.com:80 "GET /json/74.40.10.137 HTTP/1.1" 200 353
2025-04-03 10:15:00,796 - DEBUG - Using selector: EpollSelector
2025-04-03 10:15:10,141 - INFO - Command executed: ipgeo  74.40.26.254
2025-04-03 10:15:10,142 - DEBUG - Starting new HTTP connection (1): ip-api.com:80
2025-04-03 10:15:10,157 - DEBUG - http://ip-api.com:80 "GET /json/74.40.26.254 HTTP/1.1" 200 362
2025-04-03 10:15:10,158 - DEBUG - Using selector: EpollSelector
2025-04-03 10:15:22,564 - INFO - Command executed: ipgeo 142.251.48.239
2025-04-03 10:15:22,565 - DEBUG - Starting new HTTP connection (1): ip-api.com:80
2025-04-03 10:15:22,581 - DEBUG - http://ip-api.com:80 "GET /json/142.251.48.239 HTTP/1.1" 200 293
2025-04-03 10:15:22,582 - DEBUG - Using selector: EpollSelector
2025-04-03 10:15:55,782 - INFO - Command executed: ipgeo 142.250.226.109
2025-04-03 10:15:55,783 - DEBUG - Starting new HTTP connection (1): ip-api.com:80
2025-04-03 10:15:55,874 - DEBUG - http://ip-api.com:80 "GET /json/142.250.226.109 HTTP/1.1" 200 294
2025-04-03 10:15:55,875 - DEBUG - Using selector: EpollSelector
2025-04-03 10:16:09,714 - INFO - Command executed: ipgeo 8.8.8.8
2025-04-03 10:16:09,714 - DEBUG - Starting new HTTP connection (1): ip-api.com:80
2025-04-03 10:16:09,734 - DEBUG - http://ip-api.com:80 "GET /json/8.8.8.8 HTTP/1.1" 200 277
2025-04-03 10:16:09,735 - DEBUG - Using selector: EpollSelector
2025-04-03 10:16:23,887 - INFO - Command executed: dn
2025-04-03 10:16:23,887 - DEBUG - Using selector: EpollSelector
2025-04-03 10:16:24,585 - INFO - Command executed: dns
2025-04-03 10:16:24,585 - DEBUG - Using selector: EpollSelector
2025-04-03 10:16:27,361 - INFO - Command executed: dns google.com
2025-04-03 10:16:27,471 - DEBUG - Using selector: EpollSelector
2025-04-03 10:16:38,608 - INFO - Command executed: tty-clock -c -s -C 4
2025-04-03 10:16:38,608 - DEBUG - Using selector: EpollSelector
2025-04-03 10:16:41,062 - INFO - Command executed: cls
2025-04-03 10:16:41,068 - DEBUG - Using selector: EpollSelector
2025-04-03 10:20:01,480 - INFO - Command executed: addnote frontier tracert to google
2025-04-03 10:20:01,481 - DEBUG - Using selector: EpollSelector
2025-04-03 10:20:08,941 - DEBUG - Using selector: EpollSelector
2025-04-03 10:32:46,956 - INFO - Command executed: publicip
2025-04-03 10:32:46,960 - DEBUG - Starting new HTTPS connection (1): api.ipify.org:443
2025-04-03 10:32:47,181 - DEBUG - https://api.ipify.org:443 "GET /?format=json HTTP/1.1" 200 21
2025-04-03 10:32:47,183 - DEBUG - Using selector: EpollSelector
2025-04-03 11:03:12,195 - INFO - Command executed: IPGEO 159.183.209.111
2025-04-03 11:03:12,215 - DEBUG - Starting new HTTP connection (1): ip-api.com:80
2025-04-03 11:03:12,261 - DEBUG - http://ip-api.com:80 "GET /json/159.183.209.111 HTTP/1.1" 200 307
2025-04-03 11:03:12,266 - DEBUG - Using selector: EpollSelector
2025-04-03 11:04:10,041 - INFO - Command executed: ipgeo 54.240.27.49
2025-04-03 11:04:10,042 - DEBUG - Starting new HTTP connection (1): ip-api.com:80
2025-04-03 11:04:10,058 - DEBUG - http://ip-api.com:80 "GET /json/54.240.27.49 HTTP/1.1" 200 317
2025-04-03 11:04:10,059 - DEBUG - Using selector: EpollSelector
2025-04-03 13:19:13,976 - INFO - NetAssist started.
2025-04-03 13:19:13,979 - DEBUG - Using selector: EpollSelector
2025-04-03 13:19:14,961 - INFO - Command executed: notes
2025-04-03 13:19:14,969 - DEBUG - Using selector: EpollSelector
2025-04-03 13:20:40,810 - INFO - Command executed: ipgeo  74.40.26.254
2025-04-03 13:20:40,824 - DEBUG - Starting new HTTP connection (1): ip-api.com:80
2025-04-03 13:20:40,935 - DEBUG - http://ip-api.com:80 "GET /json/74.40.26.254 HTTP/1.1" 200 362
2025-04-03 13:20:40,937 - DEBUG - Using selector: EpollSelector
2025-04-03 13:20:49,497 - INFO - Command executed: ipgeo 142.251.48.239
2025-04-03 13:20:49,498 - DEBUG - Starting new HTTP connection (1): ip-api.com:80
2025-04-03 13:20:49,541 - DEBUG - http://ip-api.com:80 "GET /json/142.251.48.239 HTTP/1.1" 200 293
2025-04-03 13:20:49,541 - DEBUG - Using selector: EpollSelector
2025-04-04 08:31:13,624 - INFO - Command executed: ls
2025-04-04 08:31:13,647 - DEBUG - Using selector: EpollSelector
2025-04-04 08:31:20,396 - INFO - Command executed: motd
2025-04-04 08:31:20,406 - DEBUG - Starting new HTTPS connection (1): zenquotes.io:443
2025-04-04 08:31:21,096 - DEBUG - https://zenquotes.io:443 "GET /api/random HTTP/1.1" 200 None
2025-04-04 08:31:21,101 - DEBUG - Using selector: EpollSelector
2025-04-04 10:21:33,031 - INFO - Command executed: clock
2025-04-04 10:21:33,163 - DEBUG - Using selector: EpollSelector
2025-04-04 18:07:08,314 - DEBUG - Using selector: EpollSelector
2025-04-04 18:07:08,378 - DEBUG - Using selector: EpollSelector
2025-04-04 18:07:08,447 - DEBUG - Using selector: EpollSelector
2025-04-04 18:07:11,578 - INFO - Command executed: addnote
2025-04-04 18:07:11,580 - DEBUG - Using selector: EpollSelector
2025-04-04 18:07:38,105 - DEBUG - Using selector: EpollSelector
2025-04-04 18:07:46,391 - INFO - Command executed: notes
2025-04-04 18:07:46,395 - DEBUG - Using selector: EpollSelector
2025-04-04 18:10:27,981 - DEBUG - Using selector: EpollSelector
2025-04-04 18:10:28,806 - DEBUG - Using selector: EpollSelector
2025-04-04 18:10:28,960 - DEBUG - Using selector: EpollSelector
2025-04-04 18:10:29,080 - DEBUG - Using selector: EpollSelector
2025-04-04 18:10:29,225 - DEBUG - Using selector: EpollSelector
2025-04-04 18:15:01,264 - INFO - NetAssist started.
2025-04-04 18:15:01,268 - DEBUG - Using selector: EpollSelector
2025-04-04 20:46:44,281 - INFO - NetAssist started.
2025-04-04 20:46:44,285 - DEBUG - Using selector: EpollSelector
2025-04-04 20:46:44,982 - INFO - Command executed: ls
2025-04-04 20:46:44,982 - DEBUG - Using selector: EpollSelector
2025-04-04 20:46:51,352 - INFO - Command executed: speedtest
2025-04-04 20:47:02,141 - INFO - NetAssist started.
2025-04-04 20:47:02,142 - DEBUG - Using selector: EpollSelector
2025-04-04 20:47:17,956 - DEBUG - Using selector: EpollSelector
2025-04-04 20:49:03,541 - INFO - Command executed: ipgeo 216.72.20.1
2025-04-04 20:49:03,551 - DEBUG - Starting new HTTP connection (1): ip-api.com:80
2025-04-04 20:49:03,636 - DEBUG - http://ip-api.com:80 "GET /json/216.72.20.1 HTTP/1.1" 200 314
2025-04-04 20:49:03,640 - DEBUG - Using selector: EpollSelector
2025-04-04 20:49:08,919 - INFO - Command executed: exit
2025-04-04 20:49:15,043 - INFO - NetAssist started.
2025-04-04 20:49:15,044 - DEBUG - Using selector: EpollSelector
2025-04-04 20:49:17,763 - INFO - Command executed: motd
2025-04-04 20:49:17,765 - DEBUG - Starting new HTTPS connection (1): zenquotes.io:443
2025-04-04 20:49:18,310 - DEBUG - https://zenquotes.io:443 "GET /api/random HTTP/1.1" 200 None
2025-04-04 20:49:18,311 - DEBUG - Using selector: EpollSelector
2025-04-04 20:49:25,756 - INFO - Command executed: exit
2025-04-04 20:50:15,677 - DEBUG - Using selector: EpollSelector
2025-04-04 20:50:15,686 - DEBUG - Using selector: EpollSelector
2025-04-04 20:50:23,043 - INFO - Command executed: traceroute 216.72.20.1
2025-04-04 20:50:23,153 - DEBUG - Using selector: EpollSelector
2025-04-04 20:52:59,455 - INFO - NetAssist started.
2025-04-04 20:52:59,456 - DEBUG - Using selector: EpollSelector
2025-04-04 20:53:39,482 - INFO - Command executed: publicip
2025-04-04 20:53:39,489 - DEBUG - Starting new HTTPS connection (1): api.ipify.org:443
2025-04-04 20:53:39,770 - DEBUG - https://api.ipify.org:443 "GET /?format=json HTTP/1.1" 200 22
2025-04-04 20:53:39,772 - DEBUG - Using selector: EpollSelector
2025-04-07 12:10:08,035 - INFO - NetAssist started.
2025-04-07 12:10:08,042 - DEBUG - Using selector: EpollSelector
2025-04-07 12:10:10,020 - INFO - Command executed: ls
2025-04-07 12:10:10,021 - DEBUG - Using selector: EpollSelector
2025-04-07 12:10:14,904 - INFO - Command executed: calc 400/60
2025-04-07 12:10:14,905 - DEBUG - Using selector: EpollSelector
2025-04-07 12:10:22,625 - INFO - NetAssist started.
2025-04-07 12:10:22,627 - DEBUG - Using selector: EpollSelector
2025-04-08 12:56:30,747 - INFO - Command executed: ping 98.153.54.225
2025-04-08 12:56:33,925 - DEBUG - Using selector: EpollSelector
2025-04-08 13:35:38,139 - INFO - Command executed: ipgeo 23.24 76.167.29.901.184.3
2025-04-08 13:35:38,347 - DEBUG - Starting new HTTP connection (1): ip-api.com:80
2025-04-08 13:35:38,585 - DEBUG - http://ip-api.com:80 "GET /json/23.24 HTTP/1.1" 200 59
2025-04-08 13:35:38,593 - DEBUG - Using selector: EpollSelector
2025-04-08 13:35:53,865 - INFO - Command executed: ipgeo 23.241.184.3
2025-04-08 13:35:53,866 - DEBUG - Starting new HTTP connection (1): ip-api.com:80
2025-04-08 13:35:53,922 - DEBUG - http://ip-api.com:80 "GET /json/23.241.184.3 HTTP/1.1" 200 313
2025-04-08 13:35:53,922 - DEBUG - Using selector: EpollSelector
2025-04-08 14:11:11,657 - INFO - Command executed: ipgeo fe80::3649:5bff:fed1:fcda
2025-04-08 14:11:11,681 - DEBUG - Starting new HTTP connection (1): ip-api.com:80
2025-04-08 14:11:11,743 - DEBUG - http://ip-api.com:80 "GET /json/fe80::3649:5bff:fed1:fcda HTTP/1.1" 200 80
2025-04-08 14:11:11,751 - DEBUG - Using selector: EpollSelector
2025-04-08 15:33:06,799 - INFO - Command executed: addnote
2025-04-08 15:33:06,804 - DEBUG - Using selector: EpollSelector
2025-04-08 15:33:24,294 - DEBUG - Using selector: EpollSelector
2025-04-08 15:37:37,089 - INFO - Command executed: addnoe
2025-04-08 15:37:37,091 - DEBUG - Using selector: EpollSelector
2025-04-08 15:37:38,309 - INFO - Command executed: addnote
2025-04-08 15:37:38,309 - DEBUG - Using selector: EpollSelector
2025-04-08 15:37:51,422 - DEBUG - Using selector: EpollSelector
2025-04-08 15:56:12,529 - INFO - Command executed: addnote
2025-04-08 15:56:12,534 - DEBUG - Using selector: EpollSelector
2025-04-08 15:56:21,427 - DEBUG - Using selector: EpollSelector
2025-04-28 09:47:35,811 - INFO - NetAssist started.
2025-04-28 09:47:35,812 - DEBUG - Using selector: EpollSelector
2025-04-28 09:47:36,909 - DEBUG - Using selector: EpollSelector
2025-04-28 09:47:37,055 - DEBUG - Using selector: EpollSelector
2025-04-28 09:47:38,631 - INFO - Command executed: ls
2025-04-28 09:47:38,632 - DEBUG - Using selector: EpollSelector
