2025-08-22T21:59:00 | ASI LAB / ASI Lab 1 | help
2025-08-22T21:59:24 | ASI LAB / ASI Lab 1 | license
2025-08-22T21:59:37 | ASI LAB / ASI Lab 1 | net org
2025-08-22T21:59:42 | ASI LAB / ASI Lab 1 | use org
2025-08-22T21:59:45 | ND Testing / - | use net
2025-08-22T21:59:48 | ND Testing / Fontana | license
2025-08-22T22:00:02 | ND Testing / Fontana | wan health
2025-08-22T22:00:18 | ND Testing / Fontana | alerts
2025-08-22T22:02:01 | ND Testing / Fontana | exit
2025-08-22T22:03:04 | ASI LAB / ASI Lab 1 | exit
2025-08-22T22:03:13 | ASI LAB / ASI Lab 1 | help
2025-08-22T22:03:20 | ASI LAB / ASI Lab 1 | exit
2025-08-22T22:08:02 | ASI LAB / ASI Lab 1 | alerts
2025-08-22T22:14:14 | ASI LAB / ASI Lab 1 | exit
2025-08-22T22:15:09 | ASI LAB / ASI Lab 1 | exit
2025-08-22T22:15:18 | ASI LAB / ASI Lab 1 | 
2025-08-22T22:15:18 | ASI LAB / ASI Lab 1 | 
2025-08-22T22:15:21 | ASI LAB / ASI Lab 1 | alerts
2025-08-22T22:15:22 | ASI LAB / ASI Lab 1 | 
2025-08-22T22:15:22 | ASI LAB / ASI Lab 1 | 
2025-08-22T22:15:22 | ASI LAB / ASI Lab 1 | 
2025-08-22T22:15:25 | ASI LAB / ASI Lab 1 | wan health
2025-08-22T22:15:38 | ASI LAB / ASI Lab 1 | help
2025-08-22T22:16:11 | ASI LAB / ASI Lab 1 | license
2025-08-22T22:17:09 | ASI LAB / ASI Lab 1 | help alerts
2025-08-22T22:25:39 | ASI LAB / ASI Lab 1 | exit
2025-08-22T22:31:22 | ASI LAB / ASI Lab 1 | nets
2025-08-22T22:31:25 | ASI LAB / ASI Lab 1 | orgs
2025-08-22T22:31:28 | ASI LAB / ASI Lab 1 | help
2025-08-22T22:31:35 | ASI LAB / ASI Lab 1 | alerts help
2025-08-22T22:31:40 | ASI LAB / ASI Lab 1 | help alerts
2025-08-22T22:31:44 | ASI LAB / ASI Lab 1 | help ?
2025-08-22T22:31:46 | ASI LAB / ASI Lab 1 | help
2025-08-22T22:31:48 | ASI LAB / ASI Lab 1 | help
2025-08-22T22:31:49 | ASI LAB / ASI Lab 1 | help a
2025-08-22T22:31:54 | ASI LAB / ASI Lab 1 | help mx vpn
2025-08-22T22:32:04 | ASI LAB / ASI Lab 1 | help mx status
2025-08-22T22:32:43 | ASI LAB / ASI Lab 1 | help nets
2025-08-22T22:32:52 | ASI LAB / ASI Lab 1 | help events
2025-08-22T22:33:03 | ASI LAB / ASI Lab 1 | help mx client find
2025-08-22T22:33:08 | ASI LAB / ASI Lab 1 | help client find
2025-08-22T22:35:20 | ASI LAB / ASI Lab 1 | exit
2025-08-22T22:35:45 | ASI LAB / ASI Lab 1 | exiot
2025-08-22T22:35:45 | ASI LAB / ASI Lab 1 | exit
2025-08-22T22:36:12 | ASI LAB / ASI Lab 1 | exit
2025-08-22T22:37:33 | ASI LAB / ASI Lab 1 | help neighbors
2025-08-22T22:37:58 | ASI LAB / ASI Lab 1 | help
2025-08-22T22:39:24 | ASI LAB / ASI Lab 1 | wan health
2025-08-22T22:43:01 | ASI LAB / ASI Lab 1 | use org
2025-08-22T22:43:05 | Citrus Motors / - | use net
2025-08-22T22:43:10 | Citrus Motors / Main Office | help
2025-08-22T22:43:32 | Citrus Motors / Main Office | switch ports
2025-08-22T22:44:16 | Citrus Motors / Main Office | switch ports
2025-08-22T22:44:44 | Citrus Motors / Main Office | switch ports
2025-08-22T22:45:37 | Citrus Motors / Main Office | help
2025-08-22T22:45:42 | Citrus Motors / Main Office | p
2025-08-22T22:46:15 | Citrus Motors / Main Office | license
2025-08-22T22:46:36 | Citrus Motors / Main Office | use org
2025-08-22T22:46:58 | Daniels Tire Service / - | use net
2025-08-22T22:47:03 | Daniels Tire Service / DTS - Santa Fe | help
2025-08-22T22:47:10 | Daniels Tire Service / DTS - Santa Fe | license
2025-08-22T22:55:10 | Daniels Tire Service / DTS - Santa Fe | exit
2025-08-22T22:56:09 | ASI LAB / ASI Lab 1 | use net
2025-08-22T22:56:28 | ASI LAB / ASI Lab 1 | use org
2025-08-22T22:57:57 | Citrus Motors / - | use org
2025-08-22T22:58:25 | Citrus Motors / - | use org
2025-08-22T23:05:50 | Citrus Motors / - | exit
2025-08-22T23:06:35 | ASI LAB / ASI Lab 1 | use org
2025-08-22T23:10:08 | ASI LAB / ASI Lab 1 | exit
2025-08-22T23:10:20 | ASI LAB / ASI Lab 1 | use org
2025-08-22T23:10:40 | ASI LAB / ASI Lab 1 | use org
2025-08-22T23:11:01 | Daniels Tire Service / - | use org
2025-08-22T23:11:08 | ASI LAB / - | use org
2025-08-22T23:12:29 | ASI LAB / - | exit
2025-08-22T23:12:36 | ASI LAB / ASI Lab 1 | use org
2025-08-22T23:12:50 | ASI LAB / ASI Lab 1 | exit
2025-08-22T23:13:02 | ASI LAB / ASI Lab 1 | use org
2025-08-22T23:14:55 | ASI LAB / ASI Lab 1 | help
2025-08-22T23:27:39 | ASI LAB / ASI Lab 1 | exit
2025-08-22T23:30:59 | ASI LAB / ASI Lab 1 | clients top
2025-08-22T23:31:18 | ASI LAB / ASI Lab 1 | firmware
2025-08-22T23:31:30 | ASI LAB / ASI Lab 1 | traffic summary
2025-08-22T23:32:23 | ASI LAB / ASI Lab 1 | devices inv
2025-08-22T23:32:41 | ASI LAB / ASI Lab 1 | admins
2025-08-22T23:35:01 | ASI LAB / ASI Lab 1 | 
2025-08-22T23:35:01 | ASI LAB / ASI Lab 1 | 
2025-08-22T23:35:02 | ASI LAB / ASI Lab 1 | exit
2025-08-22T23:36:08 | ASI LAB / ASI Lab 1 | firmware
2025-08-22T23:40:09 | ASI LAB / ASI Lab 1 | exiot
2025-08-22T23:40:10 | ASI LAB / ASI Lab 1 | exit
2025-08-22T23:40:38 | ASI LAB / ASI Lab 1 | firmware
2025-08-22T23:41:40 | ASI LAB / ASI Lab 1 | help neighbors
2025-08-22T23:41:46 | ASI LAB / ASI Lab 1 | neighbors --all
2025-08-22T23:41:59 | ASI LAB / ASI Lab 1 | neighbors --pick
2025-08-22T23:46:42 | ASI LAB / ASI Lab 1 | exit
2025-08-22T23:47:00 | ASI LAB / ASI Lab 1 | firmware
2025-08-22T23:47:59 | ASI LAB / ASI Lab 1 | help
2025-08-22T23:48:06 | ASI LAB / ASI Lab 1 | help firmware
2025-08-22T23:49:08 | ASI LAB / ASI Lab 1 | events
2025-08-22T23:49:17 | ASI LAB / ASI Lab 1 | help events
2025-08-22T23:49:44 | ASI LAB / ASI Lab 1 | events a
2025-08-22T23:49:50 | ASI LAB / ASI Lab 1 | events
2025-08-22T23:50:07 | ASI LAB / ASI Lab 1 | 
2025-08-22T23:50:07 | ASI LAB / ASI Lab 1 | 
2025-08-22T23:50:08 | ASI LAB / ASI Lab 1 | alerts
2025-08-22T23:50:11 | ASI LAB / ASI Lab 1 | alerts a
2025-08-22T23:52:25 | ASI LAB / ASI Lab 1 | exit
2025-08-22T23:53:08 | ASI LAB / ASI Lab 1 | help events
2025-08-22T23:53:31 | ASI LAB / ASI Lab 1 | events port_status
2025-08-22T23:53:37 | ASI LAB / ASI Lab 1 | events mx
2025-08-22T23:53:43 | ASI LAB / ASI Lab 1 | events switch
2025-08-22T23:53:46 | ASI LAB / ASI Lab 1 | events mr
2025-08-22T23:53:50 | ASI LAB / ASI Lab 1 | events mx vpn
2025-08-22T23:53:56 | ASI LAB / ASI Lab 1 | events --mins 60
2025-08-22T23:54:02 | ASI LAB / ASI Lab 1 | events
2025-08-22T23:55:03 | ASI LAB / ASI Lab 1 | exit
2025-08-22T23:55:11 | ASI LAB / ASI Lab 1 | events sw
2025-08-22T23:55:13 | ASI LAB / ASI Lab 1 | events
2025-08-22T23:55:20 | ASI LAB / ASI Lab 1 | help events
2025-08-22T23:55:31 | ASI LAB / ASI Lab 1 | events sw
2025-08-22T23:55:40 | ASI LAB / ASI Lab 1 | exit
2025-08-22T23:55:52 | ASI LAB / ASI Lab 1 | events sw
2025-08-22T23:55:54 | ASI LAB / ASI Lab 1 | events
2025-08-22T23:56:48 | ASI LAB / ASI Lab 1 | exit
2025-08-22T23:56:54 | ASI LAB / ASI Lab 1 | events
2025-08-22T23:56:57 | ASI LAB / ASI Lab 1 | events sw
2025-08-22T23:56:59 | ASI LAB / ASI Lab 1 | events mx
2025-08-22T23:57:10 | ASI LAB / ASI Lab 1 | use org
2025-08-22T23:57:16 | ND Testing / - | use net
2025-08-22T23:57:19 | ND Testing / Fontana | events
2025-08-22T23:57:25 | ND Testing / Fontana | events sw
2025-08-22T23:57:27 | ND Testing / Fontana | events mx
2025-08-22T23:57:30 | ND Testing / Fontana | events mx vpn
2025-08-22T23:59:44 | ND Testing / Fontana | exit
2025-08-22T23:59:50 | ASI LAB / ASI Lab 1 | events
2025-08-22T23:59:56 | ASI LAB / ASI Lab 1 | events sw
