2025-08-26T08:39:19 | ND Testing / Fontana | 
2025-08-26T08:39:19 | ND Testing / Fontana | 
2025-08-26T08:39:21 | ND Testing / Fontana | use org
2025-08-26T08:39:26 | ASI LAB / - | use net
2025-08-26T09:25:13 | ASI LAB / ASI Lab 1 | use org
2025-08-26T09:25:19 | Daniels Tire Service / - | use net
2025-08-26T09:25:30 | Daniels Tire Service / DTS-222-Chula Vista | show vlan
2025-08-26T09:25:32 | Daniels Tire Service / DTS-222-Chula Vista | help
2025-08-26T09:25:35 | Daniels Tire Service / DTS-222-Chula Vista | vlan list
2025-08-26T09:50:11 | Daniels Tire Service / DTS-222-Chula Vista | exit
2025-08-26T10:32:34 | ASI LAB / ASI Lab 1 | use org
2025-08-26T10:32:37 | Tian's International / - | use net
2025-08-26T10:32:40 | Tian's International / Brea | vlan list
2025-08-26T10:52:44 | Tian's International / Brea | help
2025-08-26T10:52:53 | Tian's International / Brea | exit
2025-08-26T10:52:55 | ASI LAB / ASI Lab 1 | use org
2025-08-26T10:52:59 | Tian's International / - | use net
2025-08-26T10:53:02 | Tian's International / Brea | help
2025-08-26T10:53:07 | Tian's International / Brea | switch set
2025-08-26T11:51:53 | Tian's International / Brea | exit
2025-08-26T12:23:03 | Tian's International / Brea | use org
2025-08-26T12:23:08 | Tian's International / - | use net
2025-08-26T12:23:12 | Tian's International / Brea | overview
2025-08-26T12:27:19 | Tian's International / Brea | overview
2025-08-26T14:01:36 | Tian's International / Brea | use org
2025-08-26T14:01:39 | Daniels Tire Service / - | use net
2025-08-26T14:01:44 | Daniels Tire Service / DTS - Santa Fe | vlan list
2025-08-26T14:01:48 | Daniels Tire Service / DTS - Santa Fe | use net
2025-08-26T14:01:55 | Daniels Tire Service / DTS-222-Chula Vista | vlan list
2025-08-26T14:43:19 | Daniels Tire Service / DTS-222-Chula Vista | use org
2025-08-26T14:43:22 | Tian's International / - | use net
2025-08-26T14:43:26 | Tian's International / Brea | switch set
