2025-08-23T00:00:04 | ASI LAB / ASI Lab 1 | events mx
2025-08-23T00:02:30 | ASI LAB / ASI Lab 1 | exit
2025-08-23T00:02:40 | ASI LAB / ASI Lab 1 | events
2025-08-23T00:02:45 | ASI LAB / ASI Lab 1 | events sw
2025-08-23T00:03:24 | ASI LAB / ASI Lab 1 | help
2025-08-23T00:09:06 | ASI LAB / ASI Lab 1 | exit
2025-08-23T00:24:26 | ASI LAB / ASI Lab 1 | overview
2025-08-23T00:24:46 | ASI LAB / ASI Lab 1 | exit
2025-08-23T00:25:32 | ASI LAB / ASI Lab 1 | exit
2025-08-23T00:26:51 | ASI LAB / ASI Lab 1 | firmware
2025-08-23T00:27:02 | ASI LAB / ASI Lab 1 | wan health
2025-08-23T00:30:33 | ASI LAB / ASI Lab 1 | help
2025-08-23T00:31:16 | ASI LAB / ASI Lab 1 | events
2025-08-23T00:31:21 | ASI LAB / ASI Lab 1 | help
2025-08-23T00:31:25 | ASI LAB / ASI Lab 1 | mx vpn
2025-08-23T17:17:27 | ASI LAB / ASI Lab 1 | 
2025-08-23T17:17:27 | ASI LAB / ASI Lab 1 | 
2025-08-23T17:17:27 | ASI LAB / ASI Lab 1 | 
2025-08-23T17:17:35 | ASI LAB / ASI Lab 1 | use org
2025-08-23T17:17:40 | Koury Engineering / - | use net
2025-08-23T17:17:46 | Koury Engineering / Main - Chino | help
2025-08-23T17:19:37 | Koury Engineering / Main - Chino | exit
2025-08-23T17:24:54 | ASI LAB / ASI Lab 1 | exit
2025-08-23T17:26:10 | ASI LAB / ASI Lab 1 | overview
2025-08-23T17:26:21 | ASI LAB / ASI Lab 1 | use org
2025-08-23T17:26:26 | Citrus Motors / - | use net
2025-08-23T17:26:30 | Citrus Motors / Main Office | overview
2025-08-23T17:36:29 | Citrus Motors / Main Office | exit
2025-08-23T17:37:17 | ASI LAB / ASI Lab 1 | use org
2025-08-23T17:37:21 | Citrus Motors / - | use net
2025-08-23T17:37:30 | Citrus Motors / Main Office | overview
2025-08-23T17:37:34 | Citrus Motors / Main Office | overview
2025-08-23T17:37:58 | Citrus Motors / Main Office | Overview
2025-08-23T17:39:57 | Citrus Motors / Main Office | exit
2025-08-23T17:40:31 | ASI LAB / ASI Lab 1 | use org
2025-08-23T17:40:35 | Citrus Motors / - | use net
2025-08-23T17:40:39 | Citrus Motors / Main Office | overview
2025-08-23T17:48:35 | Citrus Motors / Main Office | overview
2025-08-23T17:48:36 | Citrus Motors / Main Office | exit
2025-08-23T17:48:56 | ASI LAB / ASI Lab 1 | overview
2025-08-23T17:49:06 | ASI LAB / ASI Lab 1 | use org
2025-08-23T17:49:11 | Citrus Motors / - | use net
2025-08-23T17:49:15 | Citrus Motors / Main Office | overview
2025-08-23T17:53:37 | Citrus Motors / Main Office | eixt
2025-08-23T17:53:37 | Citrus Motors / Main Office | exit
2025-08-23T17:53:53 | ASI LAB / ASI Lab 1 | overview
2025-08-23T17:54:04 | ASI LAB / ASI Lab 1 | use org
2025-08-23T17:54:06 | Citrus Motors / - | use net
2025-08-23T17:54:10 | Citrus Motors / Main Office | overview
2025-08-23T17:56:39 | Citrus Motors / Main Office | 
2025-08-23T17:56:40 | Citrus Motors / Main Office | 
2025-08-23T17:56:40 | Citrus Motors / Main Office | 
2025-08-23T17:56:45 | Citrus Motors / Main Office | overview --all
2025-08-23T17:58:06 | Citrus Motors / Main Office | 
2025-08-23T17:58:06 | Citrus Motors / Main Office | 
2025-08-23T17:58:07 | Citrus Motors / Main Office | 
2025-08-23T17:58:08 | Citrus Motors / Main Office | ls
2025-08-23T17:58:11 | Citrus Motors / Main Office | help
2025-08-23T17:58:15 | Citrus Motors / Main Office | api usage
2025-08-23T17:58:40 | Citrus Motors / Main Office | license
2025-08-23T17:58:46 | Citrus Motors / Main Office | mx vpn
2025-08-23T17:58:57 | Citrus Motors / Main Office | wifi ssids
2025-08-23T17:59:43 | Citrus Motors / Main Office | clients top
2025-08-23T18:00:02 | Citrus Motors / Main Office | alerts
2025-08-23T18:00:15 | Citrus Motors / Main Office | wan health
2025-08-23T18:00:37 | Citrus Motors / Main Office | vlan list
2025-08-23T18:01:47 | Citrus Motors / Main Office | net summary
2025-08-23T18:02:16 | Citrus Motors / Main Office | traffic summary
2025-08-23T18:02:26 | Citrus Motors / Main Office | 
2025-08-23T18:02:26 | Citrus Motors / Main Office | 
2025-08-23T18:02:27 | Citrus Motors / Main Office | help
2025-08-23T18:02:32 | Citrus Motors / Main Office | security events
2025-08-23T18:22:07 | Citrus Motors / Main Office | exit
2025-08-23T18:23:34 | ASI LAB / ASI Lab 1 | overview
2025-08-23T18:23:41 | ASI LAB / ASI Lab 1 | use org
2025-08-23T18:23:52 | Citrus Motors / - | use net
2025-08-23T18:23:55 | Citrus Motors / Main Office | overview
2025-08-23T18:24:39 | Citrus Motors / Main Office | Overview
2025-08-23T18:25:16 | Citrus Motors / Main Office | overview --orgwide
2025-08-23T18:29:05 | Citrus Motors / Main Office | exit
2025-08-23T18:29:22 | ASI LAB / ASI Lab 1 | overview
2025-08-23T18:29:35 | ASI LAB / ASI Lab 1 | use org
2025-08-23T18:29:40 | Citrus Motors / - | use net
2025-08-23T18:29:45 | Citrus Motors / Main Office | overview
2025-08-23T18:30:00 | Citrus Motors / Main Office | help overview
2025-08-23T20:54:36 | Citrus Motors / Main Office | exit
2025-08-23T20:55:58 | ASI LAB / ASI Lab 1 | svis
2025-08-23T20:56:04 | ASI LAB / ASI Lab 1 | routes
2025-08-23T20:56:28 | ASI LAB / ASI Lab 1 | use org
2025-08-23T20:56:34 | Citrus Motors / - | use net
2025-08-23T20:56:38 | Citrus Motors / Main Office | routes
2025-08-23T20:57:17 | Citrus Motors / Main Office | svis
2025-08-23T20:57:41 | Citrus Motors / Main Office | vlan list
2025-08-23T20:57:58 | Citrus Motors / Main Office | routes
2025-08-23T21:05:02 | Citrus Motors / Main Office | exit
2025-08-23T21:06:03 | ASI LAB / ASI Lab 1 | overview
2025-08-23T21:06:10 | ASI LAB / ASI Lab 1 | use org
2025-08-23T21:06:16 | Citrus Motors / - | use net
2025-08-23T21:06:21 | Citrus Motors / Main Office | overview
2025-08-23T21:06:26 | Citrus Motors / Main Office | 
2025-08-23T21:06:26 | Citrus Motors / Main Office | 
2025-08-23T21:06:27 | Citrus Motors / Main Office | 
2025-08-23T21:06:55 | Citrus Motors / Main Office | help
2025-08-23T21:07:11 | Citrus Motors / Main Office | vlan list
2025-08-23T21:07:17 | Citrus Motors / Main Office | svis
