2025-09-02T09:09:50 | ASI LAB / ASI Lab 1 | meraki
2025-09-02T09:09:53 | ASI LAB / ASI Lab 1 | use org
2025-09-02T09:10:00 | ND Testing / - | use net
2025-09-02T09:10:31 | ND Testing / Fontana | show arp
2025-09-02T09:10:38 | ND Testing / Fontana | help
2025-09-02T09:10:46 | ND Testing / Fontana | overview
2025-09-02T09:11:01 | ND Testing / Fontana | net summary
2025-09-02T09:11:15 | ND Testing / Fontana | mx status
2025-09-02T09:11:20 | ND Testing / Fontana | mx vpn
2025-09-02T09:13:38 | ND Testing / Fontana | wifi ssids
2025-09-02T09:13:43 | ND Testing / Fontana | wifi ?
2025-09-02T09:13:48 | ND Testing / Fontana | wifi health
2025-09-02T09:23:23 | ND Testing / Fontana | ~
2025-09-02T09:23:23 | ND Testing / Fontana | 
2025-09-02T09:23:24 | ND Testing / Fontana | 
2025-09-02T09:23:24 | ND Testing / Fontana | 
2025-09-02T09:23:30 | ND Testing / Fontana | use org
2025-09-02T09:23:35 | Daniels Tire Service / - | use net
2025-09-02T09:23:42 | Daniels Tire Service / DTS - Santa Fe | wan health
2025-09-02T09:24:50 | Daniels Tire Service / DTS - Santa Fe | use net
2025-09-02T09:25:02 | Daniels Tire Service / DTS-219-Burke | waan
2025-09-02T09:25:04 | Daniels Tire Service / DTS-219-Burke | wan health
2025-09-02T09:25:33 | Daniels Tire Service / DTS-219-Burke | wan overview
2025-09-02T09:25:36 | Daniels Tire Service / DTS-219-Burke | wan health
2025-09-02T09:25:41 | Daniels Tire Service / DTS-219-Burke | wan ?
2025-09-02T09:25:46 | Daniels Tire Service / DTS-219-Burke | help
2025-09-02T09:26:02 | Daniels Tire Service / DTS-219-Burke | mx status
2025-09-02T14:04:44 | Daniels Tire Service / DTS-219-Burke | exit
2025-09-02T16:10:50 | ASI LAB / ASI Lab 1 | use org
2025-09-02T16:10:54 | Daniels Tire Service / - | use net
2025-09-02T16:11:06 | Daniels Tire Service / DTS-314-La Habra | wan health
2025-09-02T16:41:01 | Daniels Tire Service / DTS-314-La Habra | use net
2025-09-02T16:41:05 | Daniels Tire Service / DTS - Santa Fe | wan health
