2025-08-27T10:10:40 | ASI LAB / ASI Lab 1 | use org
2025-08-27T10:10:43 | Daniels Tire Service / - | use net
2025-08-27T10:10:48 | Daniels Tire Service / DTS-314-La Habra | vlan liset
2025-08-27T10:10:50 | Daniels Tire Service / DTS-314-La Habra | vlan list
2025-08-27T11:48:29 | Daniels Tire Service / DTS-314-La Habra | use org
2025-08-27T11:48:32 | Citrus Motors / - | use net
2025-08-27T11:48:36 | Citrus Motors / Main Office | overview
2025-08-27T12:05:39 | Citrus Motors / Main Office | help
2025-08-27T12:05:48 | Citrus Motors / Main Office | net summary
2025-08-27T12:17:18 | Citrus Motors / Main Office | use org
2025-08-27T12:17:22 | Daniels Tire Service / - | use net
2025-08-27T12:21:34 | Daniels Tire Service / DTS-223-Riverside | use net
2025-08-27T12:21:39 | Daniels Tire Service / DTS - Santa Fe | overview
2025-08-27T15:41:02 | Daniels Tire Service / DTS - Santa Fe | use net
2025-08-27T15:41:09 | Daniels Tire Service / DTS-223-Riverside | wan
2025-08-27T15:41:10 | Daniels Tire Service / DTS-223-Riverside | wna info
2025-08-27T15:41:12 | Daniels Tire Service / DTS-223-Riverside | wan info
2025-08-27T15:41:15 | Daniels Tire Service / DTS-223-Riverside | help
2025-08-27T15:41:26 | Daniels Tire Service / DTS-223-Riverside | 
2025-08-27T15:41:26 | Daniels Tire Service / DTS-223-Riverside | 
2025-08-27T15:41:43 | Daniels Tire Service / DTS-223-Riverside | ping 10.179.223.202
2025-08-27T15:42:02 | Daniels Tire Service / DTS-223-Riverside | wan health
2025-08-27T16:22:35 | Daniels Tire Service / DTS-223-Riverside | 
2025-08-27T16:22:35 | Daniels Tire Service / DTS-223-Riverside | 
2025-08-27T16:22:35 | Daniels Tire Service / DTS-223-Riverside | 
2025-08-27T16:22:35 | Daniels Tire Service / DTS-223-Riverside | 
2025-08-27T16:22:38 | Daniels Tire Service / DTS-223-Riverside | use enet
2025-08-27T16:22:39 | Daniels Tire Service / DTS-223-Riverside | use net
2025-08-27T16:22:45 | Daniels Tire Service / DTS - Santa Fe | helpo
2025-08-27T16:22:46 | Daniels Tire Service / DTS - Santa Fe | help
2025-08-27T16:22:50 | Daniels Tire Service / DTS - Santa Fe | wifi health
2025-08-27T16:24:44 | Daniels Tire Service / DTS - Santa Fe | vlan list
2025-08-27T16:36:55 | Daniels Tire Service / DTS - Santa Fe | wifi health
